<?xml version="1.0" encoding="UTF-8"?>
<testng-results ignored="0" total="1" passed="1" failed="0" skipped="0">
  <reporter-output>
  </reporter-output>
  <suite started-at="2025-05-13T14:58:03 IST" name="Default suite" finished-at="2025-05-13T14:58:34 IST" duration-ms="30610">
    <groups>
    </groups>
    <test started-at="2025-05-13T14:58:03 IST" name="Default test" finished-at="2025-05-13T14:58:34 IST" duration-ms="30610">
      <class name="trelloendtoend.TrelloCreateAndDeleteBoard">
        <test-method is-config="true" signature="executeBeforeMethod()[pri:0, instance:trelloendtoend.TrelloCreateAndDeleteBoard@2a2c13a8]" started-at="2025-05-13T14:58:03 IST" name="executeBeforeMethod" finished-at="2025-05-13T14:58:12 IST" duration-ms="9113" status="PASS">
          <reporter-output>
          </reporter-output>
        </test-method> <!-- executeBeforeMethod -->
        <test-method signature="CreateAndDeleteBoard()[pri:0, instance:trelloendtoend.TrelloCreateAndDeleteBoard@2a2c13a8]" started-at="2025-05-13T14:58:12 IST" name="CreateAndDeleteBoard" finished-at="2025-05-13T14:58:33 IST" duration-ms="20845" status="PASS">
          <reporter-output>
          </reporter-output>
        </test-method> <!-- CreateAndDeleteBoard -->
        <test-method is-config="true" signature="executeAfterMethod()[pri:0, instance:trelloendtoend.TrelloCreateAndDeleteBoard@2a2c13a8]" started-at="2025-05-13T14:58:33 IST" name="executeAfterMethod" finished-at="2025-05-13T14:58:34 IST" duration-ms="564" status="PASS">
          <reporter-output>
          </reporter-output>
        </test-method> <!-- executeAfterMethod -->
      </class> <!-- trelloendtoend.TrelloCreateAndDeleteBoard -->
    </test> <!-- Default test -->
  </suite> <!-- Default suite -->
</testng-results>
